Arguments: 
  /home/julian/.nvm/versions/node/v16.17.0/bin/node /home/julian/.nvm/versions/node/v16.17.0/bin/yarn init

PATH: 
  /home/julian/.local/bin:/home/julian/.deno/bin:/home/julian/.gem/ruby/3.1.0/bin:/home/julian/.rbenv/shims:/home/julian/.rbenv/bin:/home/julian/anaconda3/bin:/home/julian/anaconda3/condabin:/home/julian/.nvm/versions/node/v16.17.0/bin:/home/julian/go/bin:/usr/local/go/bin:/usr/local/sbin:/usr/local/bin:/usr/sbin:/usr/bin:/sbin:/bin:/usr/games:/usr/local/games:/usr/lib/wsl/lib:/snap/bin:/usr/local/go/bin:/home/julian/go/bin:/home/julian/.local/bin:/home/julian/.cargo/bin:/home/julian/.local/bin

Yarn version: 
  1.22.19

Node version: 
  16.17.0

Platform: 
  linux x64

Trace: 
  Error: canceled
      at Interface.<anonymous> (/home/julian/.nvm/versions/node/v16.17.0/lib/node_modules/yarn/lib/cli.js:137150:13)
      at Interface.emit (node:events:513:28)
      at Interface._ttyWrite (node:readline:1085:16)
      at ReadStream.onkeypress (node:readline:291:10)
      at ReadStream.emit (node:events:513:28)
      at emitKeys (node:internal/readline/utils:357:14)
      at emitKeys.next (<anonymous>)
      at ReadStream.onData (node:internal/readline/emitKeypressEvents:61:36)
      at ReadStream.emit (node:events:513:28)
      at addChunk (node:internal/streams/readable:315:12)

npm manifest: 
  No manifest

yarn manifest: 
  No manifest

Lockfile: 
  No lockfile
